[debug] [2024-11-05T15:35:49.035Z] ----------------------------------------------------------------------
[debug] [2024-11-05T15:35:49.038Z] Command:       C:\Program Files\nodejs\node.exe C:\Users\Jose Pepe Valdés\AppData\Roaming\npm\node_modules\firebase-tools\lib\bin\firebase.js init functions
[debug] [2024-11-05T15:35:49.039Z] CLI Version:   13.24.0
[debug] [2024-11-05T15:35:49.039Z] Platform:      win32
[debug] [2024-11-05T15:35:49.039Z] Node Version:  v20.9.0
[debug] [2024-11-05T15:35:49.040Z] Time:          Tue Nov 05 2024 12:35:49 GMT-0300 (Chile Summer Time)
[debug] [2024-11-05T15:35:49.040Z] ----------------------------------------------------------------------
[debug] 
[debug] [2024-11-05T15:35:49.108Z] > command requires scopes: ["email","openid","https://www.googleapis.com/auth/cloudplatformprojects.readonly","https://www.googleapis.com/auth/firebase","https://www.googleapis.com/auth/cloud-platform"]
[debug] [2024-11-05T15:35:49.108Z] > authorizing via signed-in user (rybot69@gmail.com)
[info] 
     ######## #### ########  ######## ########     ###     ######  ########
     ##        ##  ##     ## ##       ##     ##  ##   ##  ##       ##
     ######    ##  ########  ######   ########  #########  ######  ######
     ##        ##  ##    ##  ##       ##     ## ##     ##       ## ##
     ##       #### ##     ## ######## ########  ##     ##  ######  ########

You're about to initialize a Firebase project in this directory:

  C:\Users\Jose Pepe Valdés\Desktop\ProyectosWeb\asesoriaIsapre\landingBuenPlan\buenplancl

Before we get started, keep in mind:

  * You are initializing within an existing Firebase project directory

[info] 
=== Project Setup
[info] 
[info] First, let's associate this project directory with a Firebase project.
[info] You can create multiple project aliases by running firebase use --add, 
[info] but for now we'll just set up a default project.
[info] 
[debug] [2024-11-05T15:36:43.464Z] Checked if tokens are valid: false, expires at: 1711252096214
[debug] [2024-11-05T15:36:43.465Z] Checked if tokens are valid: false, expires at: 1711252096214
[debug] [2024-11-05T15:36:43.466Z] > refreshing access token with scopes: []
[debug] [2024-11-05T15:36:43.468Z] >>> [apiv2][query] POST https://www.googleapis.com/oauth2/v3/token [none]
[debug] [2024-11-05T15:36:43.469Z] >>> [apiv2][body] POST https://www.googleapis.com/oauth2/v3/token [omitted]
[debug] [2024-11-05T15:36:43.813Z] <<< [apiv2][status] POST https://www.googleapis.com/oauth2/v3/token 400
[debug] [2024-11-05T15:36:43.813Z] <<< [apiv2][body] POST https://www.googleapis.com/oauth2/v3/token [omitted]
[debug] [2024-11-05T15:36:43.814Z] >>> [apiv2][query] GET https://firebase.googleapis.com/v1beta1/projects pageSize=100
[debug] [2024-11-05T15:36:43.882Z] <<< [apiv2][status] GET https://firebase.googleapis.com/v1beta1/projects 401
[debug] [2024-11-05T15:36:43.883Z] <<< [apiv2][body] GET https://firebase.googleapis.com/v1beta1/projects [omitted]
[debug] [2024-11-05T15:36:43.883Z] Got a 401 Unauthenticated error for a call that required authentication. Refreshing tokens.
[debug] [2024-11-05T15:36:43.883Z] Checked if tokens are valid: false, expires at: 1711252096214
[debug] [2024-11-05T15:36:43.883Z] Checked if tokens are valid: false, expires at: 1711252096214
[debug] [2024-11-05T15:36:43.883Z] > refreshing access token with scopes: []
[debug] [2024-11-05T15:36:43.884Z] >>> [apiv2][query] POST https://www.googleapis.com/oauth2/v3/token [none]
[debug] [2024-11-05T15:36:43.884Z] >>> [apiv2][body] POST https://www.googleapis.com/oauth2/v3/token [omitted]
[debug] [2024-11-05T15:36:43.915Z] <<< [apiv2][status] POST https://www.googleapis.com/oauth2/v3/token 400
[debug] [2024-11-05T15:36:43.915Z] <<< [apiv2][body] POST https://www.googleapis.com/oauth2/v3/token [omitted]
[debug] [2024-11-05T15:36:43.916Z] Request to https://firebase.googleapis.com/v1beta1/projects?pageSize=100 had HTTP Error: 401, Request had invalid authentication credentials. Expected OAuth 2 access token, login cookie or other valid authentication credential. See https://developers.google.com/identity/sign-in/web/devconsole-project.
[debug] [2024-11-05T15:36:43.973Z] FirebaseError: Request to https://firebase.googleapis.com/v1beta1/projects?pageSize=100 had HTTP Error: 401, Request had invalid authentication credentials. Expected OAuth 2 access token, login cookie or other valid authentication credential. See https://developers.google.com/identity/sign-in/web/devconsole-project.
    at responseToError (C:\Users\Jose Pepe Valdés\AppData\Roaming\npm\node_modules\firebase-tools\lib\responseToError.js:52:12)
    at RetryOperation._fn (C:\Users\Jose Pepe Valdés\AppData\Roaming\npm\node_modules\firebase-tools\lib\apiv2.js:312:77)
    at process.processTicksAndRejections (node:internal/process/task_queues:95:5)
[error] 
[error] Error: Failed to list Firebase projects. See firebase-debug.log for more info.
[debug] [2024-11-05T15:41:25.916Z] ----------------------------------------------------------------------
[debug] [2024-11-05T15:41:25.918Z] Command:       C:\Program Files\nodejs\node.exe C:\Users\Jose Pepe Valdés\AppData\Roaming\npm\node_modules\firebase-tools\lib\bin\firebase.js projects:list
[debug] [2024-11-05T15:41:25.919Z] CLI Version:   13.24.0
[debug] [2024-11-05T15:41:25.919Z] Platform:      win32
[debug] [2024-11-05T15:41:25.919Z] Node Version:  v20.9.0
[debug] [2024-11-05T15:41:25.919Z] Time:          Tue Nov 05 2024 12:41:25 GMT-0300 (Chile Summer Time)
[debug] [2024-11-05T15:41:25.919Z] ----------------------------------------------------------------------
[debug] 
[debug] [2024-11-05T15:41:25.925Z] > command requires scopes: ["email","openid","https://www.googleapis.com/auth/cloudplatformprojects.readonly","https://www.googleapis.com/auth/firebase","https://www.googleapis.com/auth/cloud-platform"]
[debug] [2024-11-05T15:41:25.926Z] > authorizing via signed-in user (rybot69@gmail.com)
[debug] [2024-11-05T15:41:25.930Z] Checked if tokens are valid: false, expires at: 1711252096214
[debug] [2024-11-05T15:41:25.931Z] Checked if tokens are valid: false, expires at: 1711252096214
[debug] [2024-11-05T15:41:25.931Z] > refreshing access token with scopes: []
[debug] [2024-11-05T15:41:25.933Z] >>> [apiv2][query] POST https://www.googleapis.com/oauth2/v3/token [none]
[debug] [2024-11-05T15:41:25.933Z] >>> [apiv2][body] POST https://www.googleapis.com/oauth2/v3/token [omitted]
[debug] [2024-11-05T15:41:26.108Z] <<< [apiv2][status] POST https://www.googleapis.com/oauth2/v3/token 400
[debug] [2024-11-05T15:41:26.108Z] <<< [apiv2][body] POST https://www.googleapis.com/oauth2/v3/token [omitted]
[debug] [2024-11-05T15:41:26.109Z] >>> [apiv2][query] GET https://firebase.googleapis.com/v1beta1/projects pageSize=1000
[debug] [2024-11-05T15:41:26.203Z] <<< [apiv2][status] GET https://firebase.googleapis.com/v1beta1/projects 401
[debug] [2024-11-05T15:41:26.203Z] <<< [apiv2][body] GET https://firebase.googleapis.com/v1beta1/projects [omitted]
[debug] [2024-11-05T15:41:26.203Z] Got a 401 Unauthenticated error for a call that required authentication. Refreshing tokens.
[debug] [2024-11-05T15:41:26.203Z] Checked if tokens are valid: false, expires at: 1711252096214
[debug] [2024-11-05T15:41:26.204Z] Checked if tokens are valid: false, expires at: 1711252096214
[debug] [2024-11-05T15:41:26.204Z] > refreshing access token with scopes: []
[debug] [2024-11-05T15:41:26.204Z] >>> [apiv2][query] POST https://www.googleapis.com/oauth2/v3/token [none]
[debug] [2024-11-05T15:41:26.204Z] >>> [apiv2][body] POST https://www.googleapis.com/oauth2/v3/token [omitted]
[debug] [2024-11-05T15:41:26.232Z] <<< [apiv2][status] POST https://www.googleapis.com/oauth2/v3/token 400
[debug] [2024-11-05T15:41:26.232Z] <<< [apiv2][body] POST https://www.googleapis.com/oauth2/v3/token [omitted]
[debug] [2024-11-05T15:41:26.233Z] Request to https://firebase.googleapis.com/v1beta1/projects?pageSize=1000 had HTTP Error: 401, Request had invalid authentication credentials. Expected OAuth 2 access token, login cookie or other valid authentication credential. See https://developers.google.com/identity/sign-in/web/devconsole-project.
[debug] [2024-11-05T15:41:26.284Z] FirebaseError: Request to https://firebase.googleapis.com/v1beta1/projects?pageSize=1000 had HTTP Error: 401, Request had invalid authentication credentials. Expected OAuth 2 access token, login cookie or other valid authentication credential. See https://developers.google.com/identity/sign-in/web/devconsole-project.
    at responseToError (C:\Users\Jose Pepe Valdés\AppData\Roaming\npm\node_modules\firebase-tools\lib\responseToError.js:52:12)
    at RetryOperation._fn (C:\Users\Jose Pepe Valdés\AppData\Roaming\npm\node_modules\firebase-tools\lib\apiv2.js:312:77)
    at process.processTicksAndRejections (node:internal/process/task_queues:95:5)
[error] 
[error] Error: Failed to list Firebase projects. See firebase-debug.log for more info.
